<?xml version="1.0" encoding="UTF-8"?>
<!-- Generated by org.testng.reporters.JUnitXMLReporter -->
<testsuite ignored="9" hostname="VISHAL" failures="0" tests="1" name="Default test" time="46.502" errors="0" timestamp="2023-05-25T15:15:23 IST">
  <testcase classname="TestCases.MenuTestcases" name="validateDealofDayTitle" time="32.842"/>
  <testcase classname="TestCases.MenuTestcases" name="validateTopDealsTitle" time="0.0">
    <ignored/>
  </testcase> <!-- validateTopDealsTitle -->
  <testcase classname="TestCases.MenuTestcases" name="validateGiftIdeasTitle" time="0.0">
    <ignored/>
  </testcase> <!-- validateGiftIdeasTitle -->
  <testcase classname="TestCases.MenuTestcases" name="validateGiftCardTitle" time="0.0">
    <ignored/>
  </testcase> <!-- validateGiftCardTitle -->
  <testcase classname="TestCases.MenuTestcases" name="Close" time="0.0">
    <ignored/>
  </testcase> <!-- Close -->
  <testcase classname="TestCases.MenuTestcases" name="validateBestBuyTitle" time="0.0">
    <ignored/>
  </testcase> <!-- validateBestBuyTitle -->
  <testcase classname="TestCases.MenuTestcases" name="validateBestBusinessTitle" time="0.0">
    <ignored/>
  </testcase> <!-- validateBestBusinessTitle -->
  <testcase classname="TestCases.MenuTestcases" name="validateGiftTitle" time="0.0">
    <ignored/>
  </testcase> <!-- validateGiftTitle -->
  <testcase classname="TestCases.MenuTestcases" name="validateMemberOfferTitle" time="0.0">
    <ignored/>
  </testcase> <!-- validateMemberOfferTitle -->
  <testcase classname="TestCases.MenuTestcases" name="validateHealthTitle" time="0.0">
    <ignored/>
  </testcase> <!-- validateHealthTitle -->
</testsuite> <!-- Default test -->
