<?xml version="1.0" encoding="UTF-8"?>
<!-- Generated by org.testng.reporters.JUnitXMLReporter -->
<testsuite ignored="0" hostname="VISHAL" failures="1" tests="13" name="Test" time="660.619" errors="0" timestamp="2023-05-25T15:05:49 IST">
  <testcase classname="TestCases.MenuTestcases" name="Close" time="55.745"/>
  <testcase classname="TestCases.MenuTestcases" name="validateBestBusinessTitle" time="37.597">
    <failure type="java.lang.AssertionError" message="expected [Best Buy | Official Online Store | Shop Now &amp;amp; Save] but found [Best Buy for Business - Best Buy]">
      <![CDATA[java.lang.AssertionError: expected [Best Buy | Official Online Store | Shop Now & Save] but found [Best Buy for Business - Best Buy]
at TestCases.MenuTestcases.validateBestBusinessTitle(MenuTestcases.java:111)
at java.base/java.util.ArrayList.forEach(ArrayList.java:1511)
... Removed 36 stack frames]]>
    </failure>
  </testcase> <!-- validateBestBusinessTitle -->
  <testcase classname="TestCases.MenuTestcases" name="validateBestBuyTitle" time="56.551"/>
  <testcase classname="TestCases.MenuTestcases" name="validateDealofDayTitle" time="28.412"/>
  <testcase classname="TestCases.MenuTestcases" name="validateGiftCardTitle" time="29.966"/>
  <testcase classname="TestCases.MenuTestcases" name="validateGiftIdeasTitle" time="32.464"/>
  <testcase classname="TestCases.MenuTestcases" name="validateGiftTitle" time="37.687"/>
  <testcase classname="TestCases.MenuTestcases" name="validateHealthTitle" time="33.086"/>
  <testcase classname="TestCases.MenuTestcases" name="validateMemberOfferTitle" time="30.908"/>
  <testcase classname="TestCases.MenuTestcases" name="validateTopDealsTitle" time="30.819"/>
  <testcase classname="TestCases.LoginTestcase" name="tc004signinWithNum" time="49.364"/>
  <testcase classname="TestCases.LoginTestcase" name="tc03Signin" time="43.808"/>
  <testcase classname="TestCases.HomeTestcase" name="tcHome01" time="22.387"/>
</testsuite> <!-- Test -->
